Difference at line 866:
Diff: 69 != 3369
nestest.log: CE25  AD 7F 01  LDA $017F = 69                  A:33 X:80 Y:01 P:27 SP:80 PPU: 17,203 CYC:2000
res.log: CE25 AD 7F 01  LDA $017F = 3369                 A:33 X:80 Y:01 P:27 SP:80

Difference at line 1061:
Diff: 00 != FF00
nestest.log: CFA2  A5 00     LDA $00 = 00                    A:AA X:55 Y:69 P:27 SP:FB PPU: 21,267 CYC:2476
res.log: CFA2 A5 00     LDA $00 = FF00                   A:AA X:55 Y:69 P:27 SP:FB

Difference at line 1077:
Diff: 00 != FF00
nestest.log: CFC3  85 00     STA $00 = 00                    A:04 X:55 Y:69 P:25 SP:FB PPU: 22, 52 CYC:2518
res.log: CFC3 85 00     STA $00 = FF00                   A:04 X:55 Y:69 P:25 SP:FB

Difference at line 1132:
Diff: 00 != 400
nestest.log: D03D  AD FF 07  LDA $07FF = 00                  A:AD X:00 Y:69 P:27 SP:FB PPU: 23,206 CYC:2683
res.log: D03D AD FF 07  LDA $07FF = 400                  A:AD X:00 Y:69 P:27 SP:FB

Difference at line 1133:
Diff: 04 != FF04
nestest.log: D040  85 00     STA $00 = 04                    A:00 X:00 Y:69 P:27 SP:FB PPU: 23,218 CYC:2687
res.log: D040 85 00     STA $00 = FF04                   A:00 X:00 Y:69 P:27 SP:FB

Difference at line 3058:
Diff: 00 != FF00
nestest.log: D94C  A5 00     LDA $00 = 00                    A:A3 X:65 Y:34 P:67 SP:FB PPU: 77,161 CYC:8806
res.log: D94C A5 00     LDA $00 = FF00                   A:A3 X:65 Y:34 P:67 SP:FB

Difference at line 3063:
Diff: 00 != FF00
nestest.log: D955  85 00     STA $00 = 00                    A:01 X:65 Y:34 P:65 SP:FA PPU: 77,200 CYC:8819
res.log: D955 85 00     STA $00 = FF00                   A:01 X:65 Y:34 P:65 SP:FA

Difference at line 3069:
Diff: 01 != FF01
nestest.log: D964  85 00     STA $00 = 01                    A:00 X:65 Y:FF P:67 SP:FB PPU: 77,260 CYC:8839
res.log: D964 85 00     STA $00 = FF01                   A:00 X:65 Y:FF P:67 SP:FB

Difference at line 3250:
Diff: 00 != FF00
nestest.log: C61B  A5 00     LDA $00 = 00                    A:80 X:FE Y:00 P:25 SP:FD PPU: 82, 40 CYC:9334
res.log: C61B A5 00     LDA $00 = FF00                   A:80 X:FE Y:00 P:25 SP:FD

Difference at line 3253:
Diff: 00 != FF00
nestest.log: C621  85 00     STA $00 = 00                    A:00 X:FE Y:00 P:27 SP:FD PPU: 82, 64 CYC:9342
res.log: C621 85 00     STA $00 = FF00                   A:00 X:FE Y:00 P:27 SP:FD

Difference at line 3256:
Diff: 00 != 400
nestest.log: DAE2  85 33     STA $33 = 00                    A:00 X:FE Y:00 P:27 SP:FB PPU: 82, 97 CYC:9353
res.log: DAE2 85 33     STA $33 = 400                    A:00 X:FE Y:00 P:27 SP:FB

Difference at line 3329:
Diff: DB7E != 0200
nestest.log: DB7E  A9 00     LDA #$00                        A:DB X:07 Y:00 P:E5 SP:FB PPU: 84, 21 CYC:9555
res.log: 0200 7E DB 00  ROR $00DB,X @ 00E2 = 00          A:DB X:07 Y:00 P:E5 SP:FB

Difference at line 3330:
Diff: DB80 != 0203
nestest.log: DB80  8D FF 02  STA $02FF = 00                  A:00 X:07 Y:00 P:67 SP:FB PPU: 84, 27 CYC:9557
res.log: 0203 00        BRK                              A:DB X:07 Y:00 P:E4 SP:FB

